Sun Oct 20 2024 22:3:4 } [PH] error: 
Invalid `prisma.studentSemesterPayment.create()` invocation:


Transaction API error: Transaction already closed: Could not perform operation.
Sun Oct 20 2024 22:6:20 } [PH] error: 
Invalid `prisma.studentSemesterPayment.create()` invocation:


Transaction API error: Transaction already closed: Could not perform operation.
Sun Oct 20 2024 22:8:39 } [PH] error: 
Invalid `prisma.studentSemesterPayment.create()` invocation:


Transaction API error: Transaction already closed: Could not perform operation.
Sun Oct 20 2024 22:9:14 } [PH] error: 
Invalid `prisma.studentEnrollCourse.create()` invocation:


Transaction API error: Transaction already closed: A query cannot be executed on a committed transaction.
Sun Oct 20 2024 22:9:35 } [PH] error: 
Invalid `prisma.studentEnrollCourse.create()` invocation:


Transaction API error: Transaction already closed: A query cannot be executed on a committed transaction.
Sun Oct 20 2024 22:13:23 } [PH] error: 
Invalid `prisma.studentEnrollCourse.create()` invocation:


Transaction API error: Transaction already closed: A query cannot be executed on a committed transaction.
Sun Oct 20 2024 22:13:41 } [PH] error: 
Invalid `prisma.studentEnrollCourse.create()` invocation:


Transaction API error: Transaction already closed: A query cannot be executed on a committed transaction.
Sun Oct 20 2024 22:17:7 } [PH] error: 
Invalid `prisma.studentEnrollCourse.create()` invocation:


Transaction API error: Transaction already closed: A query cannot be executed on a committed transaction.
Sun Oct 20 2024 22:17:41 } [PH] error: 
Invalid `prisma.studentEnrollCourse.create()` invocation:


Transaction API error: Transaction already closed: A query cannot be executed on a committed transaction.
Sun Oct 20 2024 22:18:30 } [PH] error: 
Invalid `prisma.studentEnrollCourse.create()` invocation:


Transaction API error: Transaction already closed: A query cannot be executed on a committed transaction.
Sun Oct 20 2024 22:19:12 } [PH] error: 
Invalid `prisma.studentEnrollCourse.create()` invocation:


Transaction API error: Transaction already closed: A query cannot be executed on a committed transaction.
Sun Oct 20 2024 22:21:31 } [PH] error: 
Invalid `prisma.studentEnrollCourse.create()` invocation:


Transaction API error: Transaction already closed: A query cannot be executed on a committed transaction.
Sun Oct 20 2024 22:22:52 } [PH] error: 
Invalid `prisma.studentEnrollCourse.create()` invocation:


Transaction API error: Transaction already closed: A query cannot be executed on a committed transaction.
